# JRE version: Java(TM) SE Runtime Environment (21.0.5+9) (build 21.0.5+9-LTS-239)
# Java VM: Java HotSpot(TM) 64-Bit Server VM (21.0.5+9-LTS-239, mixed mode, sharing, tiered, compressed oops, compressed class ptrs, g1 gc, linux-amd64)
GC Precious Log:
 CardTable entry size: 512
 Card Set container configuration: InlinePtr #cards 4 size 8 Array Of Cards #cards 16 size 48 Howl #buckets 8 coarsen threshold 3686 Howl Bitmap #cards 512 size 80 coarsen threshold 460 Card regions per heap region 1 cards per card region 4096
 CPUs: 8 total, 8 available
 Memory: 15837M
 Large Page Support: Disabled
 NUMA Support: Disabled
 Compressed Oops: Enabled (Zero based)
 Heap Region Size: 2M
 Heap Min Capacity: 8M
 Heap Initial Capacity: 248M
 Heap Max Capacity: 3960M
 Pre-touch: Disabled
 Parallel Workers: 8
 Concurrent Workers: 2
 Concurrent Refinement Workers: 8
 Periodic GC: Disabled
Heap:
 garbage-first heap   total 110592K, used 33083K [0x0000000708800000, 0x0000000800000000)
  region size 2048K, 7 young (14336K), 2 survivors (4096K)
 Metaspace       used 22344K, committed 22720K, reserved 1114112K
  class space    used 3107K, committed 3264K, reserved 1048576K
GC Heap History (6 events):
Event: 0.491 GC heap before
{Heap before GC invocations=0 (full 0):
 garbage-first heap   total 256000K, used 21558K [0x0000000708800000, 0x0000000800000000)
  region size 2048K, 11 young (22528K), 0 survivors (0K)
 Metaspace       used 4882K, committed 5184K, reserved 1114112K
  class space    used 620K, committed 768K, reserved 1048576K
}
Event: 0.494 GC heap after
{Heap after GC invocations=1 (full 0):
 garbage-first heap   total 256000K, used 3108K [0x0000000708800000, 0x0000000800000000)
  region size 2048K, 1 young (2048K), 1 survivors (2048K)
 Metaspace       used 4882K, committed 5184K, reserved 1114112K
  class space    used 620K, committed 768K, reserved 1048576K
}
Event: 30.475 GC heap before
{Heap before GC invocations=1 (full 0):
 garbage-first heap   total 256000K, used 72740K [0x0000000708800000, 0x0000000800000000)
  region size 2048K, 30 young (61440K), 1 survivors (2048K)
 Metaspace       used 18847K, committed 19136K, reserved 1114112K
  class space    used 2486K, committed 2624K, reserved 1048576K
}
Event: 30.483 GC heap after
{Heap after GC invocations=2 (full 0):
 garbage-first heap   total 256000K, used 22509K [0x0000000708800000, 0x0000000800000000)
  region size 2048K, 4 young (8192K), 4 survivors (8192K)
 Metaspace       used 18847K, committed 19136K, reserved 1114112K
  class space    used 2486K, committed 2624K, reserved 1048576K
}
Event: 31.181 GC heap before
{Heap before GC invocations=2 (full 0):
 garbage-first heap   total 256000K, used 38893K [0x0000000708800000, 0x0000000800000000)
  region size 2048K, 13 young (26624K), 4 survivors (8192K)
 Metaspace       used 21242K, committed 21504K, reserved 1114112K
  class space    used 2877K, committed 3008K, reserved 1048576K
}
Event: 31.190 GC heap after
{Heap after GC invocations=3 (full 0):
 garbage-first heap   total 256000K, used 24891K [0x0000000708800000, 0x0000000800000000)
  region size 2048K, 2 young (4096K), 2 survivors (4096K)
 Metaspace       used 21242K, committed 21504K, reserved 1114112K
  class space    used 2877K, committed 3008K, reserved 1048576K
}

